SF:lib/main.dart
DA:4,0
DA:5,0
DA:10,0
DA:13,0
DA:14,0
DA:15,0
DA:16,0
DA:17,0
DA:20,0
DA:23,0
DA:24,0
LF:11
LH:0
end_of_record
SF:lib/pages/BlogPage.dart
DA:44,0
DA:48,0
DA:51,0
DA:54,0
DA:56,0
DA:57,0
DA:58,0
DA:60,0
DA:61,0
DA:62,0
DA:64,0
DA:65,0
DA:66,0
DA:67,0
DA:68,0
DA:71,0
DA:72,0
DA:73,0
DA:90,0
DA:92,0
DA:141,0
DA:143,0
DA:144,0
DA:146,0
DA:147,0
DA:148,0
DA:149,0
DA:151,0
DA:152,0
DA:155,0
DA:156,0
DA:157,0
DA:159,0
DA:160,0
DA:164,0
DA:165,0
DA:168,0
DA:169,0
DA:170,0
DA:174,0
DA:176,0
DA:177,0
DA:180,0
DA:181,0
DA:182,0
DA:183,0
DA:186,0
DA:188,0
DA:190,0
DA:191,0
DA:193,0
DA:195,0
DA:196,0
DA:197,0
DA:198,0
DA:199,0
DA:200,0
DA:201,0
DA:204,0
DA:206,0
DA:207,0
DA:208,0
DA:210,0
DA:211,0
DA:212,0
DA:213,0
DA:214,0
DA:215,0
DA:218,0
DA:219,0
DA:221,0
DA:223,0
DA:224,0
DA:225,0
DA:226,0
DA:227,0
DA:228,0
DA:232,0
DA:235,0
DA:241,0
DA:242,0
DA:244,0
DA:245,0
DA:247,0
DA:248,0
DA:250,0
DA:251,0
DA:253,0
DA:254,0
DA:256,0
DA:268,0
DA:270,0
DA:292,0
DA:294,0
DA:295,0
DA:299,0
DA:306,0
DA:308,0
DA:309,0
DA:310,0
DA:311,0
DA:312,0
DA:313,0
DA:314,0
DA:318,0
DA:319,0
DA:320,0
DA:321,0
DA:322,0
DA:324,0
DA:325,0
DA:326,0
DA:327,0
DA:331,0
LF:114
LH:0
end_of_record
SF:lib/pages/HomePage.dart
DA:17,0
DA:18,0
DA:24,0
DA:26,0
DA:27,0
DA:30,0
DA:32,0
DA:33,0
DA:36,0
DA:38,0
DA:40,0
DA:41,0
DA:42,0
DA:43,0
DA:45,0
DA:46,0
DA:47,0
DA:48,0
DA:50,0
DA:51,0
DA:52,0
DA:53,0
DA:54,0
DA:55,0
DA:56,0
DA:59,0
DA:69,0
DA:84,0
DA:85,0
DA:86,0
DA:89,0
DA:90,0
DA:91,0
DA:95,0
DA:98,0
DA:100,0
DA:103,0
DA:105,0
DA:109,0
DA:112,0
DA:115,0
DA:116,0
DA:117,0
DA:118,0
DA:119,0
DA:121,0
DA:123,0
DA:124,0
DA:125,0
DA:126,0
DA:127,0
DA:130,0
DA:131,0
DA:132,0
DA:133,0
DA:134,0
DA:137,0
DA:138,0
DA:139,0
DA:143,0
DA:146,0
DA:165,0
DA:167,0
DA:171,0
DA:173,0
DA:175,0
DA:177,0
DA:180,0
DA:183,0
DA:184,0
DA:186,0
DA:187,0
DA:188,0
DA:189,0
DA:191,0
DA:192,0
DA:194,0
DA:195,0
DA:197,0
DA:201,0
DA:204,0
DA:205,0
DA:208,0
DA:212,0
DA:213,0
DA:216,0
DA:217,0
DA:220,0
DA:221,0
DA:223,0
DA:226,0
DA:230,0
DA:233,0
DA:234,0
DA:235,0
DA:238,0
DA:240,0
DA:242,0
DA:253,0
DA:254,0
DA:255,0
DA:256,0
DA:258,0
DA:259,0
DA:261,0
DA:262,0
DA:263,0
DA:264,0
DA:265,0
DA:266,0
DA:267,0
DA:268,0
DA:273,0
DA:274,0
DA:275,0
DA:276,0
DA:277,0
DA:278,0
DA:279,0
DA:282,0
DA:283,0
DA:284,0
DA:285,0
DA:286,0
DA:287,0
DA:290,0
DA:292,0
DA:296,0
DA:297,0
DA:298,0
DA:299,0
DA:300,0
DA:303,0
DA:305,0
DA:309,0
DA:310,0
DA:311,0
DA:312,0
DA:313,0
DA:316,0
DA:318,0
DA:327,0
DA:328,0
DA:329,0
DA:330,0
DA:334,0
DA:338,0
DA:339,0
DA:340,0
DA:341,0
DA:345,0
LF:151
LH:0
end_of_record
SF:lib/components/paint/TechLines.dart
DA:15,0
DA:17,0
DA:41,0
DA:43,0
DA:44,0
DA:45,0
DA:46,0
DA:48,0
DA:49,0
DA:50,0
DA:51,0
DA:53,0
DA:54,0
DA:55,0
DA:56,0
DA:57,0
DA:60,0
DA:62,0
DA:63,0
DA:64,0
DA:65,0
DA:66,0
DA:69,0
DA:71,0
DA:72,0
DA:73,0
DA:76,0
DA:77,0
DA:78,0
DA:107,0
DA:110,0
DA:112,0
DA:113,0
DA:114,0
DA:115,0
DA:116,0
DA:117,0
DA:120,0
DA:121,0
DA:126,0
DA:128,0
DA:129,0
DA:130,0
DA:131,0
DA:136,0
DA:140,0
DA:142,0
DA:145,0
DA:146,0
DA:147,0
DA:150,0
DA:152,0
DA:154,0
DA:155,0
DA:156,0
DA:157,0
DA:158,0
DA:161,0
DA:162,0
DA:163,0
DA:164,0
DA:167,0
DA:168,0
DA:169,0
DA:172,0
DA:173,0
DA:174,0
DA:175,0
DA:176,0
DA:179,0
DA:185,0
DA:186,0
DA:187,0
DA:188,0
DA:191,0
DA:192,0
DA:193,0
DA:194,0
DA:195,0
DA:196,0
DA:199,0
DA:200,0
DA:202,0
DA:203,0
DA:205,0
DA:208,0
DA:209,0
DA:210,0
DA:212,0
DA:213,0
DA:215,0
DA:218,0
DA:219,0
DA:220,0
DA:221,0
DA:226,0
DA:227,0
DA:228,0
DA:231,0
DA:232,0
DA:235,0
DA:238,0
DA:239,0
DA:240,0
DA:244,0
DA:247,0
DA:248,0
DA:249,0
DA:250,0
DA:253,0
DA:254,0
DA:255,0
DA:258,0
DA:259,0
DA:262,0
DA:263,0
DA:264,0
DA:265,0
DA:268,0
DA:271,0
LF:120
LH:0
end_of_record
SF:lib/components/paint/ButtonAnimation.dart
DA:17,0
DA:25,0
DA:26,0
DA:27,0
DA:32,0
DA:34,0
DA:36,0
DA:37,0
DA:41,0
LF:9
LH:0
end_of_record
SF:lib/components/paint/CircleMatrix.dart
DA:5,0
DA:21,0
DA:23,0
DA:24,0
DA:25,0
DA:26,0
DA:27,0
DA:28,0
DA:51,0
DA:54,0
DA:56,0
DA:59,0
DA:62,0
DA:64,0
DA:65,0
DA:66,0
DA:68,0
DA:70,0
DA:71,0
DA:75,0
DA:78,0
DA:79,0
DA:80,0
DA:84,0
LF:24
LH:0
end_of_record
SF:lib/components/MenuBar.dart
DA:8,2
DA:10,2
DA:35,0
DA:38,0
DA:40,1
DA:42,4
DA:43,1
DA:46,1
DA:48,1
DA:50,1
DA:52,3
DA:53,1
DA:56,1
DA:58,1
DA:59,5
DA:60,1
DA:63,1
DA:65,1
DA:66,2
DA:67,4
DA:68,4
DA:74,1
DA:76,3
DA:77,3
DA:108,2
DA:110,2
DA:134,1
DA:137,1
DA:138,2
DA:139,4
DA:140,1
DA:141,0
DA:143,3
DA:148,0
DA:149,0
DA:150,0
DA:151,0
DA:155,1
DA:157,4
DA:158,1
DA:161,1
DA:163,1
DA:165,1
DA:166,1
DA:167,7
DA:168,2
DA:170,1
DA:171,3
DA:173,1
DA:174,1
DA:175,2
DA:176,2
DA:177,2
DA:179,3
DA:180,1
DA:182,1
DA:185,1
DA:186,1
DA:187,2
DA:191,1
DA:193,4
DA:194,8
DA:195,8
DA:197,1
DA:198,2
DA:199,1
DA:200,0
DA:201,0
DA:202,1
DA:203,0
DA:204,0
DA:205,0
DA:206,0
DA:207,0
DA:210,1
DA:212,1
DA:213,4
DA:214,1
DA:218,1
DA:232,1
DA:233,8
DA:234,3
DA:235,1
DA:236,1
DA:238,2
DA:239,1
DA:240,3
DA:241,1
DA:263,4
LF:89
LH:75
end_of_record
SF:lib/components/Button.dart
DA:20,0
DA:22,0
DA:50,0
DA:52,0
DA:53,0
DA:55,0
DA:56,0
DA:57,0
DA:58,0
DA:59,0
DA:61,0
DA:64,0
DA:66,0
DA:67,0
DA:68,0
DA:70,0
DA:71,0
DA:72,0
DA:73,0
DA:74,0
DA:75,0
DA:78,0
DA:79,0
DA:80,0
DA:81,0
DA:82,0
DA:83,0
DA:84,0
DA:85,0
DA:86,0
DA:87,0
DA:88,0
DA:90,0
DA:91,0
DA:92,0
DA:93,0
DA:94,0
DA:96,0
DA:98,0
DA:99,0
DA:100,0
LF:41
LH:0
end_of_record
SF:lib/components/SideBar.dart
DA:7,4
DA:35,0
DA:43,0
DA:45,0
DA:49,0
DA:51,0
DA:53,0
DA:54,0
DA:55,0
DA:56,0
DA:57,0
DA:58,0
DA:73,0
DA:77,0
DA:78,0
DA:79,0
DA:80,0
DA:82,0
DA:83,0
DA:86,0
DA:96,0
LF:21
LH:1
end_of_record
SF:lib/components/NameIconWidget.dart
DA:16,2
DA:21,2
DA:24,8
DA:26,2
DA:28,2
DA:31,2
DA:33,12
DA:34,2
DA:35,8
LF:9
LH:9
end_of_record
SF:lib/components/blogPage/FeaturedPostTileComponents.dart
DA:18,5
DA:20,0
DA:22,0
DA:35,1
DA:37,2
DA:50,1
DA:52,1
DA:54,1
DA:55,1
DA:56,6
DA:59,1
DA:60,1
DA:61,1
DA:62,2
DA:64,2
DA:65,4
DA:66,4
DA:67,5
DA:68,1
DA:69,4
DA:71,4
DA:73,2
DA:82,4
DA:99,2
DA:101,2
DA:117,0
DA:119,1
DA:121,1
DA:124,1
DA:125,1
DA:126,2
DA:130,1
DA:132,1
DA:133,0
DA:134,0
DA:135,1
DA:136,1
DA:137,3
DA:138,1
DA:140,1
DA:143,5
DA:145,5
DA:161,1
DA:163,2
DA:181,7
DA:184,4
DA:187,5
DA:190,5
DA:195,1
DA:198,1
DA:199,2
DA:200,3
DA:206,1
DA:208,1
DA:209,1
DA:210,2
DA:212,1
DA:213,1
DA:214,1
DA:215,2
DA:216,8
DA:218,1
DA:219,1
DA:220,1
DA:224,1
DA:226,1
DA:227,1
DA:228,2
DA:229,1
DA:230,1
DA:233,1
DA:234,1
DA:236,3
DA:241,1
DA:242,2
DA:243,4
DA:244,1
DA:245,5
DA:247,1
DA:248,1
DA:249,3
DA:250,1
DA:251,1
DA:252,2
DA:258,1
DA:262,1
DA:263,2
DA:264,1
DA:266,1
DA:270,1
DA:271,1
DA:272,2
DA:273,2
DA:274,1
DA:276,5
DA:278,1
DA:279,2
DA:280,5
DA:282,6
DA:288,1
DA:289,2
DA:290,1
DA:292,1
DA:293,6
LF:104
LH:99
end_of_record
SF:lib/components/blogPage/TopicsTileComponents.dart
DA:24,4
DA:30,0
DA:31,0
DA:33,0
DA:35,0
DA:38,0
DA:40,0
DA:65,0
DA:66,0
DA:68,0
DA:88,0
DA:89,0
DA:90,0
DA:92,0
DA:93,0
DA:95,0
DA:96,0
DA:101,0
DA:103,0
DA:104,0
DA:105,0
DA:107,0
DA:108,0
DA:109,0
DA:110,0
DA:113,0
DA:114,0
DA:115,0
DA:118,0
DA:119,0
DA:120,0
DA:121,0
DA:122,0
DA:123,0
DA:124,0
DA:125,0
DA:126,0
DA:129,0
DA:132,0
DA:133,0
DA:136,0
DA:138,0
DA:139,0
DA:141,0
DA:142,0
DA:144,0
DA:145,0
DA:146,0
DA:147,0
DA:151,0
DA:153,0
DA:154,0
DA:155,0
LF:53
LH:1
end_of_record
