SF:lib/components/NameIconWidget.dart
DA:16,2
DA:21,2
DA:24,8
DA:26,2
DA:28,2
DA:31,2
DA:33,12
DA:34,2
DA:35,8
LF:9
LH:9
end_of_record
SF:lib/components/MenuBar.dart
DA:8,2
DA:10,2
DA:35,0
DA:38,0
DA:40,1
DA:42,4
DA:43,1
DA:46,1
DA:48,1
DA:50,1
DA:52,3
DA:53,1
DA:56,1
DA:58,1
DA:59,5
DA:60,1
DA:63,1
DA:65,1
DA:66,2
DA:67,4
DA:68,4
DA:74,1
DA:76,3
DA:77,3
DA:108,2
DA:110,2
DA:134,1
DA:137,1
DA:138,2
DA:139,4
DA:140,1
DA:141,0
DA:143,3
DA:148,0
DA:149,0
DA:150,0
DA:151,0
DA:155,1
DA:157,4
DA:158,1
DA:161,1
DA:163,1
DA:165,1
DA:166,1
DA:167,7
DA:168,2
DA:170,1
DA:171,3
DA:173,1
DA:174,1
DA:175,2
DA:176,2
DA:177,2
DA:179,3
DA:180,1
DA:182,1
DA:185,1
DA:186,1
DA:187,2
DA:191,1
DA:193,4
DA:194,8
DA:195,8
DA:197,1
DA:198,2
DA:199,1
DA:200,0
DA:201,0
DA:202,1
DA:203,0
DA:204,0
DA:205,0
DA:206,0
DA:207,0
DA:210,1
DA:212,1
DA:213,4
DA:214,1
DA:218,1
DA:232,1
DA:233,8
DA:234,3
DA:235,1
DA:236,1
DA:238,2
DA:239,1
DA:240,3
DA:241,1
DA:263,1
LF:89
LH:75
end_of_record
SF:lib/components/blogPage/FeaturedPostTileComponents.dart
DA:18,1
DA:20,0
DA:22,0
DA:35,1
DA:37,2
DA:50,1
DA:52,1
DA:54,1
DA:55,1
DA:56,6
DA:59,1
DA:60,1
DA:61,1
DA:62,2
DA:64,2
DA:65,4
DA:66,4
DA:67,5
DA:68,1
DA:69,4
DA:71,4
DA:73,2
DA:82,1
DA:99,2
DA:101,2
DA:117,0
DA:119,1
DA:121,1
DA:124,1
DA:125,1
DA:126,2
DA:130,1
DA:132,1
DA:133,0
DA:134,0
DA:135,1
DA:136,1
DA:137,3
DA:138,1
DA:140,1
DA:143,5
DA:145,5
DA:161,1
DA:163,2
DA:181,7
DA:184,4
DA:187,5
DA:190,5
DA:195,1
DA:198,1
DA:199,2
DA:200,3
DA:206,1
DA:208,1
DA:209,1
DA:210,2
DA:212,1
DA:213,1
DA:214,1
DA:215,2
DA:216,8
DA:218,1
DA:219,1
DA:220,1
DA:224,1
DA:226,1
DA:227,1
DA:228,2
DA:229,1
DA:230,1
DA:233,1
DA:234,1
DA:236,3
DA:241,1
DA:242,2
DA:243,4
DA:244,1
DA:245,5
DA:247,1
DA:248,1
DA:249,3
DA:250,1
DA:251,1
DA:252,2
DA:258,1
DA:262,1
DA:263,2
DA:264,1
DA:266,1
DA:270,1
DA:271,1
DA:272,2
DA:273,2
DA:274,1
DA:276,5
DA:278,1
DA:279,2
DA:280,5
DA:282,6
DA:288,1
DA:289,2
DA:290,1
DA:292,1
DA:293,6
LF:104
LH:99
end_of_record
